NA010 XQ  HHZ  27 50.1960N 85  9.0540E 976
NA020 XQ  HHZ  27 54.7500N 85  3.2760E1107
NA030 XQ  HHZ  28  6.9540N 84 38.6280E 861
NA040 XQ  HHZ  28 12.3240N 84 44.6160E1891
NA050 XQ  HHZ  28  3.4260N 84 50.0100E 879
NA060 XQ  HHZ  28  1.6380N 85  6.5880E1979
NA070 XQ  HHZ  27 59.0460N 85 15.5640E1146
NA080 XQ  HHZ  28 16.2600N 85 22.7580E1845
NA090 XQ  HHZ  27 54.9240N 85 25.1340E1148
NA100 XQ  HHZ  27 55.6620N 85 33.2760E1188
NA110 XQ  HHZ  27 47.8860N 85 39.2160E1414
NA120 XQ  HHZ  27 50.0760N 85 46.4760E 907
NA130 XQ  HHZ  27 52.6560N 85 53.4900E1249
NA150 XQ  HHZ  28  0.0960N 84 37.3800E1155
NA160 XQ  HHZ  27 52.1940N 84 49.9380E1114
NA170 XQ  HHZ  27 45.4980N 85 21.7020E1362
NA180 XQ  HHZ  27 42.9780N 85 34.6560E1093
NA190 XQ  HHZ  27 42.3360N 85 45.6060E 717
NA200 XQ  HHZ  27 43.1460N 85 57.2460E2597
NA210 XQ  HHZ  27 44.3160N 86  9.4920E1174
NA220 XQ  HHZ  27 37.9680N 86 13.9620E1908
NA230 XQ  HHZ  27 31.0380N 86 35.1840E2519
NA240 XQ  HHZ  27 49.4520N 84 27.8160E 245
NA250 XQ  HHZ  27 46.5540N 84 39.0120E1445
NA260 XQ  HHZ  27 40.3860N 85  5.5560E1890
NA270 XQ  HHZ  27 35.6520N 85 19.4040E1506
NA280 XQ  HHZ  27 35.6340N 85 33.1380E1542
NA290 XQ  HHZ  27 33.6660N 85 48.8520E1203
NA300 XQ  HHZ  27 29.4840N 86  5.4960E 897
NA310 XQ  HHZ  27 20.6940N 86 13.7880E 915
NA320 XQ  HHZ  27 10.4040N 86 26.0400E 820
NA330 XQ  HHZ  27 35.1480N 84 41.9340E 251
NA340 XQ  HHZ  27 27.1740N 85  2.7900E 543
NA350 XQ  HHZ  27 21.7500N 85 15.5880E 306
NA360 XQ  HHZ  27 16.3140N 85 41.8680E 274
NA370 XQ  HHZ  27 12.6600N 85 55.4520E 549
NA380 XQ  HHZ  27  0.8100N 86  8.8440E 234
NA390 XQ  HHZ  27 25.9260N 84 23.5620E 205
NA400 XQ  HHZ  27 16.9680N 84 59.3280E 311
NA410 XQ  HHZ  27  8.9940N 85 24.1800E 142
NA420 XQ  HHZ  26 59.6400N 85 54.1020E 253
NA450 XQ  HHZ  27 50.2500N 86  6.8640E2083
